#
# A fatal error has been detected by the Java Runtime Environment:
#
#  Internal Error (method.cpp:1872), pid=14908, tid=9452
#  fatal error: no original bytecode found in model.DigitalBank.transfer(Ljava/util/Scanner;Ljava/lang/String;)V at bci 152
#
# JRE version: OpenJDK Runtime Environment Corretto-19.0.2.7.1 (19.0.2+7) (build 19.0.2+7-FR)
# Java VM: OpenJDK 64-Bit Server VM Corretto-19.0.2.7.1 (19.0.2+7-FR, mixed mode, sharing, tiered, compressed oops, compressed class ptrs, g1 gc, windows-amd64)
# No core dump will be written. Minidumps are not enabled by default on client versions of Windows
#
# If you would like to submit a bug report, please visit:
#   https://github.com/corretto/corretto-19/issues/
#

---------------  S U M M A R Y ------------

Command Line: -agentlib:jdwp=transport=dt_socket,address=127.0.0.1:50050,suspend=y,server=n -javaagent:C:\Users\A315-57G\AppData\Local\JetBrains\IdeaIC2023.1\captureAgent\debugger-agent.jar -Dfile.encoding=UTF-8 -Dsun.stdout.encoding=UTF-8 -Dsun.stderr.encoding=UTF-8 ASM04

Host: Intel(R) Core(TM) i3-1005G1 CPU @ 1.20GHz, 4 cores, 7G,  Windows 11 , 64 bit Build 22621 (10.0.22621.1778)
Time: Mon Jun 19 13:27:07 2023 SE Asia Standard Time elapsed time: 137.979846 seconds (0d 0h 2m 17s)

---------------  T H R E A D  ---------------

Current thread (0x000001e009cff570):  JavaThread "main" [_thread_in_vm, id=9452, stack(0x0000003180800000,0x0000003180900000)]

Stack: [0x0000003180800000,0x0000003180900000]
Native frames: (J=compiled Java code, j=interpreted, Vv=VM code, C=native code)
V  [jvm.dll+0x6d034a]
V  [jvm.dll+0x880f10]
V  [jvm.dll+0x88289e]
V  [jvm.dll+0x27b1f7]
V  [jvm.dll+0x68454f]
V  [jvm.dll+0x3d2c14]
C  0x000001e01942b82d

Java frames: (J=compiled Java code, j=interpreted, Vv=VM code)
j  model.DigitalBank.transfer(Ljava/util/Scanner;Ljava/lang/String;)V+152
j  ASM04.transfer()V+34
j  ASM04.select()V+90
j  ASM04.main([Ljava/lang/String;)V+3
v  ~StubRoutines::call_stub 0x000001e0193f10e8

---------------  P R O C E S S  ---------------

Threads class SMR info:
_java_thread_list=0x000001e02c2618b0, length=14, elements={
0x000001e009cff570, 0x000001e027ddca40, 0x000001e027ddd950, 0x000001e027de3090,
0x000001e027de7ec0, 0x000001e027dea8f0, 0x000001e027dee570, 0x000001e027decb00,
0x000001e027df3820, 0x000001e02c008070, 0x000001e027daf390, 0x000001e02c16cca0,
0x000001e02c16d400, 0x000001e02c228740
}

Java Threads: ( => current thread )
=>0x000001e009cff570 JavaThread "main" [_thread_in_vm, id=9452, stack(0x0000003180800000,0x0000003180900000)]
  0x000001e027ddca40 JavaThread "Reference Handler" daemon [_thread_blocked, id=5212, stack(0x0000003180f00000,0x0000003181000000)]
  0x000001e027ddd950 JavaThread "Finalizer" daemon [_thread_blocked, id=5108, stack(0x0000003181000000,0x0000003181100000)]
  0x000001e027de3090 JavaThread "Signal Dispatcher" daemon [_thread_blocked, id=1660, stack(0x0000003181100000,0x0000003181200000)]
  0x000001e027de7ec0 JavaThread "Attach Listener" daemon [_thread_blocked, id=10932, stack(0x0000003181200000,0x0000003181300000)]
  0x000001e027dea8f0 JavaThread "Service Thread" daemon [_thread_blocked, id=1012, stack(0x0000003181300000,0x0000003181400000)]
  0x000001e027dee570 JavaThread "Monitor Deflation Thread" daemon [_thread_blocked, id=14396, stack(0x0000003181400000,0x0000003181500000)]
  0x000001e027decb00 JavaThread "C2 CompilerThread0" daemon [_thread_blocked, id=14752, stack(0x0000003181500000,0x0000003181600000)]
  0x000001e027df3820 JavaThread "C1 CompilerThread0" daemon [_thread_blocked, id=13280, stack(0x0000003181600000,0x0000003181700000)]
  0x000001e02c008070 JavaThread "Sweeper thread" daemon [_thread_blocked, id=10768, stack(0x0000003181700000,0x0000003181800000)]
  0x000001e027daf390 JavaThread "Common-Cleaner" daemon [_thread_blocked, id=5252, stack(0x0000003181800000,0x0000003181900000)]
  0x000001e02c16cca0 JavaThread "JDWP Transport Listener: dt_socket" daemon [_thread_blocked, id=14200, stack(0x0000003181900000,0x0000003181a00000)]
  0x000001e02c16d400 JavaThread "JDWP Event Helper Thread" daemon [_thread_blocked, id=14032, stack(0x0000003181a00000,0x0000003181b00000)]
  0x000001e02c228740 JavaThread "Notification Thread" daemon [_thread_blocked, id=6008, stack(0x0000003181c00000,0x0000003181d00000)]

Other Threads:
  0x000001e027dc27e0 VMThread "VM Thread" [stack: 0x0000003180e00000,0x0000003180f00000] [id=11084] _threads_hazard_ptr=0x000001e02c2618b0
  0x000001e02c2327a0 WatcherThread "VM Periodic Task Thread" [stack: 0x0000003181d00000,0x0000003181e00000] [id=6996]
  0x000001e009d5d120 WorkerThread "GC Thread#0" [stack: 0x0000003180900000,0x0000003180a00000] [id=8772]
  0x000001e009d6d9c0 ConcurrentGCThread "G1 Main Marker" [stack: 0x0000003180a00000,0x0000003180b00000] [id=13660]
  0x000001e009d6e3f0 WorkerThread "G1 Conc#0" [stack: 0x0000003180b00000,0x0000003180c00000] [id=1304]
  0x000001e009d9e810 ConcurrentGCThread "G1 Refine#0" [stack: 0x0000003180c00000,0x0000003180d00000] [id=1676]
  0x000001e027c7a850 ConcurrentGCThread "G1 Service" [stack: 0x0000003180d00000,0x0000003180e00000] [id=11228]

Threads with active compile tasks:

VM state: synchronizing (normal execution)

VM Mutex/Monitor currently owned by a thread:  ([mutex/lock_event])
[0x000001e009cfa590] Threads_lock - owner thread: 0x000001e027dc27e0

Heap address: 0x0000000083600000, size: 1994 MB, Compressed Oops mode: 32-bit

CDS archive(s) mapped at: [0x0000000800000000-0x0000000800c40000-0x0000000800c40000), size 12845056, SharedBaseAddress: 0x0000000800000000, ArchiveRelocationMode: 0.
Compressed class space mapped at: 0x0000000801000000-0x0000000841000000, reserved size: 1073741824
Narrow klass base: 0x0000000800000000, Narrow klass shift: 0, Narrow klass range: 0x100000000

GC Precious Log:
 CardTable entry size: 512
 Card Set container configuration: InlinePtr #cards 5 size 8 Array Of Cards #cards 12 size 40 Howl #buckets 4 coarsen threshold 1843 Howl Bitmap #cards 512 size 80 coarsen threshold 460 Card regions per heap region 1 cards per card region 2048
 CPUs: 4 total, 4 available
 Memory: 7969M
 Large Page Support: Disabled
 NUMA Support: Disabled
 Compressed Oops: Enabled (32-bit)
 Heap Region Size: 1M
 Heap Min Capacity: 8M
 Heap Initial Capacity: 126M
 Heap Max Capacity: 1994M
 Pre-touch: Disabled
 Parallel Workers: 4
 Concurrent Workers: 1
 Concurrent Refinement Workers: 4
 Periodic GC: Disabled

Heap:
 garbage-first heap   total 129024K, used 6144K [0x0000000083600000, 0x0000000100000000)
  region size 1024K, 7 young (7168K), 0 survivors (0K)
 Metaspace       used 1534K, committed 1728K, reserved 1114112K
  class space    used 129K, committed 192K, reserved 1048576K

Heap Regions: E=young(eden), S=young(survivor), O=old, HS=humongous(starts), HC=humongous(continues), CS=collection set, F=free, OA=open archive, CA=closed archive, TAMS=top-at-mark-start (previous, next)
|   0|0x0000000083600000, 0x0000000083600000, 0x0000000083700000|  0%| F|  |TAMS 0x0000000083600000, 0x0000000083600000| Untracked 
|   1|0x0000000083700000, 0x0000000083700000, 0x0000000083800000|  0%| F|  |TAMS 0x0000000083700000, 0x0000000083700000| Untracked 
|   2|0x0000000083800000, 0x0000000083800000, 0x0000000083900000|  0%| F|  |TAMS 0x0000000083800000, 0x0000000083800000| Untracked 
|   3|0x0000000083900000, 0x0000000083900000, 0x0000000083a00000|  0%| F|  |TAMS 0x0000000083900000, 0x0000000083900000| Untracked 
|   4|0x0000000083a00000, 0x0000000083a00000, 0x0000000083b00000|  0%| F|  |TAMS 0x0000000083a00000, 0x0000000083a00000| Untracked 
|   5|0x0000000083b00000, 0x0000000083b00000, 0x0000000083c00000|  0%| F|  |TAMS 0x0000000083b00000, 0x0000000083b00000| Untracked 
|   6|0x0000000083c00000, 0x0000000083c00000, 0x0000000083d00000|  0%| F|  |TAMS 0x0000000083c00000, 0x0000000083c00000| Untracked 
|   7|0x0000000083d00000, 0x0000000083d00000, 0x0000000083e00000|  0%| F|  |TAMS 0x0000000083d00000, 0x0000000083d00000| Untracked 
|   8|0x0000000083e00000, 0x0000000083e00000, 0x0000000083f00000|  0%| F|  |TAMS 0x0000000083e00000, 0x0000000083e00000| Untracked 
|   9|0x0000000083f00000, 0x0000000083f00000, 0x0000000084000000|  0%| F|  |TAMS 0x0000000083f00000, 0x0000000083f00000| Untracked 
|  10|0x0000000084000000, 0x0000000084000000, 0x0000000084100000|  0%| F|  |TAMS 0x0000000084000000, 0x0000000084000000| Untracked 
|  11|0x0000000084100000, 0x0000000084100000, 0x0000000084200000|  0%| F|  |TAMS 0x0000000084100000, 0x0000000084100000| Untracked 
|  12|0x0000000084200000, 0x0000000084200000, 0x0000000084300000|  0%| F|  |TAMS 0x0000000084200000, 0x0000000084200000| Untracked 
|  13|0x0000000084300000, 0x0000000084300000, 0x0000000084400000|  0%| F|  |TAMS 0x0000000084300000, 0x0000000084300000| Untracked 
|  14|0x0000000084400000, 0x0000000084400000, 0x0000000084500000|  0%| F|  |TAMS 0x0000000084400000, 0x0000000084400000| Untracked 
|  15|0x0000000084500000, 0x0000000084500000, 0x0000000084600000|  0%| F|  |TAMS 0x0000000084500000, 0x0000000084500000| Untracked 
|  16|0x0000000084600000, 0x0000000084600000, 0x0000000084700000|  0%| F|  |TAMS 0x0000000084600000, 0x0000000084600000| Untracked 
|  17|0x0000000084700000, 0x0000000084700000, 0x0000000084800000|  0%| F|  |TAMS 0x0000000084700000, 0x0000000084700000| Untracked 
|  18|0x0000000084800000, 0x0000000084800000, 0x0000000084900000|  0%| F|  |TAMS 0x0000000084800000, 0x0000000084800000| Untracked 
|  19|0x0000000084900000, 0x0000000084900000, 0x0000000084a00000|  0%| F|  |TAMS 0x0000000084900000, 0x0000000084900000| Untracked 
|  20|0x0000000084a00000, 0x0000000084a00000, 0x0000000084b00000|  0%| F|  |TAMS 0x0000000084a00000, 0x0000000084a00000| Untracked 
|  21|0x0000000084b00000, 0x0000000084b00000, 0x0000000084c00000|  0%| F|  |TAMS 0x0000000084b00000, 0x0000000084b00000| Untracked 
|  22|0x0000000084c00000, 0x0000000084c00000, 0x0000000084d00000|  0%| F|  |TAMS 0x0000000084c00000, 0x0000000084c00000| Untracked 
|  23|0x0000000084d00000, 0x0000000084d00000, 0x0000000084e00000|  0%| F|  |TAMS 0x0000000084d00000, 0x0000000084d00000| Untracked 
|  24|0x0000000084e00000, 0x0000000084e00000, 0x0000000084f00000|  0%| F|  |TAMS 0x0000000084e00000, 0x0000000084e00000| Untracked 
|  25|0x0000000084f00000, 0x0000000084f00000, 0x0000000085000000|  0%| F|  |TAMS 0x0000000084f00000, 0x0000000084f00000| Untracked 
|  26|0x0000000085000000, 0x0000000085000000, 0x0000000085100000|  0%| F|  |TAMS 0x0000000085000000, 0x0000000085000000| Untracked 
|  27|0x0000000085100000, 0x0000000085100000, 0x0000000085200000|  0%| F|  |TAMS 0x0000000085100000, 0x0000000085100000| Untracked 
|  28|0x0000000085200000, 0x0000000085200000, 0x0000000085300000|  0%| F|  |TAMS 0x0000000085200000, 0x0000000085200000| Untracked 
|  29|0x0000000085300000, 0x0000000085300000, 0x0000000085400000|  0%| F|  |TAMS 0x0000000085300000, 0x0000000085300000| Untracked 
|  30|0x0000000085400000, 0x0000000085400000, 0x0000000085500000|  0%| F|  |TAMS 0x0000000085400000, 0x0000000085400000| Untracked 
|  31|0x0000000085500000, 0x0000000085500000, 0x0000000085600000|  0%| F|  |TAMS 0x0000000085500000, 0x0000000085500000| Untracked 
|  32|0x0000000085600000, 0x0000000085600000, 0x0000000085700000|  0%| F|  |TAMS 0x0000000085600000, 0x0000000085600000| Untracked 
|  33|0x0000000085700000, 0x0000000085700000, 0x0000000085800000|  0%| F|  |TAMS 0x0000000085700000, 0x0000000085700000| Untracked 
|  34|0x0000000085800000, 0x0000000085800000, 0x0000000085900000|  0%| F|  |TAMS 0x0000000085800000, 0x0000000085800000| Untracked 
|  35|0x0000000085900000, 0x0000000085900000, 0x0000000085a00000|  0%| F|  |TAMS 0x0000000085900000, 0x0000000085900000| Untracked 
|  36|0x0000000085a00000, 0x0000000085a00000, 0x0000000085b00000|  0%| F|  |TAMS 0x0000000085a00000, 0x0000000085a00000| Untracked 
|  37|0x0000000085b00000, 0x0000000085b00000, 0x0000000085c00000|  0%| F|  |TAMS 0x0000000085b00000, 0x0000000085b00000| Untracked 
|  38|0x0000000085c00000, 0x0000000085c00000, 0x0000000085d00000|  0%| F|  |TAMS 0x0000000085c00000, 0x0000000085c00000| Untracked 
|  39|0x0000000085d00000, 0x0000000085d00000, 0x0000000085e00000|  0%| F|  |TAMS 0x0000000085d00000, 0x0000000085d00000| Untracked 
|  40|0x0000000085e00000, 0x0000000085e00000, 0x0000000085f00000|  0%| F|  |TAMS 0x0000000085e00000, 0x0000000085e00000| Untracked 
|  41|0x0000000085f00000, 0x0000000085f00000, 0x0000000086000000|  0%| F|  |TAMS 0x0000000085f00000, 0x0000000085f00000| Untracked 
|  42|0x0000000086000000, 0x0000000086000000, 0x0000000086100000|  0%| F|  |TAMS 0x0000000086000000, 0x0000000086000000| Untracked 
|  43|0x0000000086100000, 0x0000000086100000, 0x0000000086200000|  0%| F|  |TAMS 0x0000000086100000, 0x0000000086100000| Untracked 
|  44|0x0000000086200000, 0x0000000086200000, 0x0000000086300000|  0%| F|  |TAMS 0x0000000086200000, 0x0000000086200000| Untracked 
|  45|0x0000000086300000, 0x0000000086300000, 0x0000000086400000|  0%| F|  |TAMS 0x0000000086300000, 0x0000000086300000| Untracked 
|  46|0x0000000086400000, 0x0000000086400000, 0x0000000086500000|  0%| F|  |TAMS 0x0000000086400000, 0x0000000086400000| Untracked 
|  47|0x0000000086500000, 0x0000000086500000, 0x0000000086600000|  0%| F|  |TAMS 0x0000000086500000, 0x0000000086500000| Untracked 
|  48|0x0000000086600000, 0x0000000086600000, 0x0000000086700000|  0%| F|  |TAMS 0x0000000086600000, 0x0000000086600000| Untracked 
|  49|0x0000000086700000, 0x0000000086700000, 0x0000000086800000|  0%| F|  |TAMS 0x0000000086700000, 0x0000000086700000| Untracked 
|  50|0x0000000086800000, 0x0000000086800000, 0x0000000086900000|  0%| F|  |TAMS 0x0000000086800000, 0x0000000086800000| Untracked 
|  51|0x0000000086900000, 0x0000000086900000, 0x0000000086a00000|  0%| F|  |TAMS 0x0000000086900000, 0x0000000086900000| Untracked 
|  52|0x0000000086a00000, 0x0000000086a00000, 0x0000000086b00000|  0%| F|  |TAMS 0x0000000086a00000, 0x0000000086a00000| Untracked 
|  53|0x0000000086b00000, 0x0000000086b00000, 0x0000000086c00000|  0%| F|  |TAMS 0x0000000086b00000, 0x0000000086b00000| Untracked 
|  54|0x0000000086c00000, 0x0000000086c00000, 0x0000000086d00000|  0%| F|  |TAMS 0x0000000086c00000, 0x0000000086c00000| Untracked 
|  55|0x0000000086d00000, 0x0000000086d00000, 0x0000000086e00000|  0%| F|  |TAMS 0x0000000086d00000, 0x0000000086d00000| Untracked 
|  56|0x0000000086e00000, 0x0000000086e00000, 0x0000000086f00000|  0%| F|  |TAMS 0x0000000086e00000, 0x0000000086e00000| Untracked 
|  57|0x0000000086f00000, 0x0000000086f00000, 0x0000000087000000|  0%| F|  |TAMS 0x0000000086f00000, 0x0000000086f00000| Untracked 
|  58|0x0000000087000000, 0x0000000087000000, 0x0000000087100000|  0%| F|  |TAMS 0x0000000087000000, 0x0000000087000000| Untracked 
|  59|0x0000000087100000, 0x0000000087100000, 0x0000000087200000|  0%| F|  |TAMS 0x0000000087100000, 0x0000000087100000| Untracked 
|  60|0x0000000087200000, 0x0000000087200000, 0x0000000087300000|  0%| F|  |TAMS 0x0000000087200000, 0x0000000087200000| Untracked 
|  61|0x0000000087300000, 0x0000000087300000, 0x0000000087400000|  0%| F|  |TAMS 0x0000000087300000, 0x0000000087300000| Untracked 
|  62|0x0000000087400000, 0x0000000087400000, 0x0000000087500000|  0%| F|  |TAMS 0x0000000087400000, 0x0000000087400000| Untracked 
|  63|0x0000000087500000, 0x0000000087500000, 0x0000000087600000|  0%| F|  |TAMS 0x0000000087500000, 0x0000000087500000| Untracked 
|  64|0x0000000087600000, 0x0000000087600000, 0x0000000087700000|  0%| F|  |TAMS 0x0000000087600000, 0x0000000087600000| Untracked 
|  65|0x0000000087700000, 0x0000000087700000, 0x0000000087800000|  0%| F|  |TAMS 0x0000000087700000, 0x0000000087700000| Untracked 
|  66|0x0000000087800000, 0x0000000087800000, 0x0000000087900000|  0%| F|  |TAMS 0x0000000087800000, 0x0000000087800000| Untracked 
|  67|0x0000000087900000, 0x0000000087900000, 0x0000000087a00000|  0%| F|  |TAMS 0x0000000087900000, 0x0000000087900000| Untracked 
|  68|0x0000000087a00000, 0x0000000087a00000, 0x0000000087b00000|  0%| F|  |TAMS 0x0000000087a00000, 0x0000000087a00000| Untracked 
|  69|0x0000000087b00000, 0x0000000087b00000, 0x0000000087c00000|  0%| F|  |TAMS 0x0000000087b00000, 0x0000000087b00000| Untracked 
|  70|0x0000000087c00000, 0x0000000087c00000, 0x0000000087d00000|  0%| F|  |TAMS 0x0000000087c00000, 0x0000000087c00000| Untracked 
|  71|0x0000000087d00000, 0x0000000087d00000, 0x0000000087e00000|  0%| F|  |TAMS 0x0000000087d00000, 0x0000000087d00000| Untracked 
|  72|0x0000000087e00000, 0x0000000087e00000, 0x0000000087f00000|  0%| F|  |TAMS 0x0000000087e00000, 0x0000000087e00000| Untracked 
|  73|0x0000000087f00000, 0x0000000087f00000, 0x0000000088000000|  0%| F|  |TAMS 0x0000000087f00000, 0x0000000087f00000| Untracked 
|  74|0x0000000088000000, 0x0000000088000000, 0x0000000088100000|  0%| F|  |TAMS 0x0000000088000000, 0x0000000088000000| Untracked 
|  75|0x0000000088100000, 0x0000000088100000, 0x0000000088200000|  0%| F|  |TAMS 0x0000000088100000, 0x0000000088100000| Untracked 
|  76|0x0000000088200000, 0x0000000088200000, 0x0000000088300000|  0%| F|  |TAMS 0x0000000088200000, 0x0000000088200000| Untracked 
|  77|0x0000000088300000, 0x0000000088300000, 0x0000000088400000|  0%| F|  |TAMS 0x0000000088300000, 0x0000000088300000| Untracked 
|  78|0x0000000088400000, 0x0000000088400000, 0x0000000088500000|  0%| F|  |TAMS 0x0000000088400000, 0x0000000088400000| Untracked 
|  79|0x0000000088500000, 0x0000000088500000, 0x0000000088600000|  0%| F|  |TAMS 0x0000000088500000, 0x0000000088500000| Untracked 
|  80|0x0000000088600000, 0x0000000088600000, 0x0000000088700000|  0%| F|  |TAMS 0x0000000088600000, 0x0000000088600000| Untracked 
|  81|0x0000000088700000, 0x0000000088700000, 0x0000000088800000|  0%| F|  |TAMS 0x0000000088700000, 0x0000000088700000| Untracked 
|  82|0x0000000088800000, 0x0000000088800000, 0x0000000088900000|  0%| F|  |TAMS 0x0000000088800000, 0x0000000088800000| Untracked 
|  83|0x0000000088900000, 0x0000000088900000, 0x0000000088a00000|  0%| F|  |TAMS 0x0000000088900000, 0x0000000088900000| Untracked 
|  84|0x0000000088a00000, 0x0000000088a00000, 0x0000000088b00000|  0%| F|  |TAMS 0x0000000088a00000, 0x0000000088a00000| Untracked 
|  85|0x0000000088b00000, 0x0000000088b00000, 0x0000000088c00000|  0%| F|  |TAMS 0x0000000088b00000, 0x0000000088b00000| Untracked 
|  86|0x0000000088c00000, 0x0000000088c00000, 0x0000000088d00000|  0%| F|  |TAMS 0x0000000088c00000, 0x0000000088c00000| Untracked 
|  87|0x0000000088d00000, 0x0000000088d00000, 0x0000000088e00000|  0%| F|  |TAMS 0x0000000088d00000, 0x0000000088d00000| Untracked 
|  88|0x0000000088e00000, 0x0000000088e00000, 0x0000000088f00000|  0%| F|  |TAMS 0x0000000088e00000, 0x0000000088e00000| Untracked 
|  89|0x0000000088f00000, 0x0000000088f00000, 0x0000000089000000|  0%| F|  |TAMS 0x0000000088f00000, 0x0000000088f00000| Untracked 
|  90|0x0000000089000000, 0x0000000089000000, 0x0000000089100000|  0%| F|  |TAMS 0x0000000089000000, 0x0000000089000000| Untracked 
|  91|0x0000000089100000, 0x0000000089100000, 0x0000000089200000|  0%| F|  |TAMS 0x0000000089100000, 0x0000000089100000| Untracked 
|  92|0x0000000089200000, 0x0000000089200000, 0x0000000089300000|  0%| F|  |TAMS 0x0000000089200000, 0x0000000089200000| Untracked 
|  93|0x0000000089300000, 0x0000000089300000, 0x0000000089400000|  0%| F|  |TAMS 0x0000000089300000, 0x0000000089300000| Untracked 
|  94|0x0000000089400000, 0x0000000089400000, 0x0000000089500000|  0%| F|  |TAMS 0x0000000089400000, 0x0000000089400000| Untracked 
|  95|0x0000000089500000, 0x0000000089500000, 0x0000000089600000|  0%| F|  |TAMS 0x0000000089500000, 0x0000000089500000| Untracked 
|  96|0x0000000089600000, 0x0000000089600000, 0x0000000089700000|  0%| F|  |TAMS 0x0000000089600000, 0x0000000089600000| Untracked 
|  97|0x0000000089700000, 0x0000000089700000, 0x0000000089800000|  0%| F|  |TAMS 0x0000000089700000, 0x0000000089700000| Untracked 
|  98|0x0000000089800000, 0x0000000089800000, 0x0000000089900000|  0%| F|  |TAMS 0x0000000089800000, 0x0000000089800000| Untracked 
|  99|0x0000000089900000, 0x0000000089900000, 0x0000000089a00000|  0%| F|  |TAMS 0x0000000089900000, 0x0000000089900000| Untracked 
| 100|0x0000000089a00000, 0x0000000089a00000, 0x0000000089b00000|  0%| F|  |TAMS 0x0000000089a00000, 0x0000000089a00000| Untracked 
| 101|0x0000000089b00000, 0x0000000089b00000, 0x0000000089c00000|  0%| F|  |TAMS 0x0000000089b00000, 0x0000000089b00000| Untracked 
| 102|0x0000000089c00000, 0x0000000089c00000, 0x0000000089d00000|  0%| F|  |TAMS 0x0000000089c00000, 0x0000000089c00000| Untracked 
| 103|0x0000000089d00000, 0x0000000089d00000, 0x0000000089e00000|  0%| F|  |TAMS 0x0000000089d00000, 0x0000000089d00000| Untracked 
| 104|0x0000000089e00000, 0x0000000089e00000, 0x0000000089f00000|  0%| F|  |TAMS 0x0000000089e00000, 0x0000000089e00000| Untracked 
| 105|0x0000000089f00000, 0x0000000089f00000, 0x000000008a000000|  0%| F|  |TAMS 0x0000000089f00000, 0x0000000089f00000| Untracked 
| 106|0x000000008a000000, 0x000000008a000000, 0x000000008a100000|  0%| F|  |TAMS 0x000000008a000000, 0x000000008a000000| Untracked 
| 107|0x000000008a100000, 0x000000008a100000, 0x000000008a200000|  0%| F|  |TAMS 0x000000008a100000, 0x000000008a100000| Untracked 
| 108|0x000000008a200000, 0x000000008a200000, 0x000000008a300000|  0%| F|  |TAMS 0x000000008a200000, 0x000000008a200000| Untracked 
| 109|0x000000008a300000, 0x000000008a300000, 0x000000008a400000|  0%| F|  |TAMS 0x000000008a300000, 0x000000008a300000| Untracked 
| 110|0x000000008a400000, 0x000000008a400000, 0x000000008a500000|  0%| F|  |TAMS 0x000000008a400000, 0x000000008a400000| Untracked 
| 111|0x000000008a500000, 0x000000008a500000, 0x000000008a600000|  0%| F|  |TAMS 0x000000008a500000, 0x000000008a500000| Untracked 
| 112|0x000000008a600000, 0x000000008a600000, 0x000000008a700000|  0%| F|  |TAMS 0x000000008a600000, 0x000000008a600000| Untracked 
| 113|0x000000008a700000, 0x000000008a700000, 0x000000008a800000|  0%| F|  |TAMS 0x000000008a700000, 0x000000008a700000| Untracked 
| 114|0x000000008a800000, 0x000000008a800000, 0x000000008a900000|  0%| F|  |TAMS 0x000000008a800000, 0x000000008a800000| Untracked 
| 115|0x000000008a900000, 0x000000008a900000, 0x000000008aa00000|  0%| F|  |TAMS 0x000000008a900000, 0x000000008a900000| Untracked 
| 116|0x000000008aa00000, 0x000000008aa00000, 0x000000008ab00000|  0%| F|  |TAMS 0x000000008aa00000, 0x000000008aa00000| Untracked 
| 117|0x000000008ab00000, 0x000000008ab00000, 0x000000008ac00000|  0%| F|  |TAMS 0x000000008ab00000, 0x000000008ab00000| Untracked 
| 118|0x000000008ac00000, 0x000000008ac00000, 0x000000008ad00000|  0%| F|  |TAMS 0x000000008ac00000, 0x000000008ac00000| Untracked 
| 119|0x000000008ad00000, 0x000000008adc8758, 0x000000008ae00000| 78%| E|  |TAMS 0x000000008ad00000, 0x000000008ad00000| Complete 
| 120|0x000000008ae00000, 0x000000008af00000, 0x000000008af00000|100%| E|CS|TAMS 0x000000008ae00000, 0x000000008ae00000| Complete 
| 121|0x000000008af00000, 0x000000008b000000, 0x000000008b000000|100%| E|CS|TAMS 0x000000008af00000, 0x000000008af00000| Complete 
| 122|0x000000008b000000, 0x000000008b100000, 0x000000008b100000|100%| E|CS|TAMS 0x000000008b000000, 0x000000008b000000| Complete 
| 123|0x000000008b100000, 0x000000008b200000, 0x000000008b200000|100%| E|CS|TAMS 0x000000008b100000, 0x000000008b100000| Complete 
| 124|0x000000008b200000, 0x000000008b300000, 0x000000008b300000|100%| E|CS|TAMS 0x000000008b200000, 0x000000008b200000| Complete 
| 125|0x000000008b300000, 0x000000008b400000, 0x000000008b400000|100%| E|CS|TAMS 0x000000008b300000, 0x000000008b300000| Complete 

Card table byte_map: [0x000001e0212b0000,0x000001e0216a0000] _byte_map_base: 0x000001e020e95000

Marking Bits (Prev, Next): (CMBitMap*) 0x000001e009d5d750, (CMBitMap*) 0x000001e009d5d790
 Prev Bits: [0x000001e021a90000, 0x000001e0239b8000)
 Next Bits: [0x000001e0239c0000, 0x000001e0258e8000)

Polling page: 0x000001e0094a0000

Metaspace:

Usage:
  Non-class:      1.37 MB used.
      Class:    129.13 KB used.
       Both:      1.50 MB used.

Virtual space:
  Non-class space:       64.00 MB reserved,       1.50 MB (  2%) committed,  1 nodes.
      Class space:        1.00 GB reserved,     192.00 KB ( <1%) committed,  1 nodes.
             Both:        1.06 GB reserved,       1.69 MB ( <1%) committed. 

Chunk freelists:
   Non-Class:  3.85 MB
       Class:  3.69 MB
        Both:  7.54 MB

MaxMetaspaceSize: unlimited
CompressedClassSpaceSize: 1.00 GB
Initial GC threshold: 21.00 MB
Current GC threshold: 21.00 MB
CDS: on
MetaspaceReclaimPolicy: balanced
 - commit_granule_bytes: 65536.
 - commit_granule_words: 8192.
 - virtual_space_node_default_size: 8388608.
 - enlarge_chunks_in_place: 1.
 - new_chunks_are_fully_committed: 0.
 - uncommit_free_chunks: 1.
 - use_allocation_guard: 0.


Internal statistics:

num_allocs_failed_limit: 0.
num_arena_births: 78.
num_arena_deaths: 0.
num_vsnodes_births: 2.
num_vsnodes_deaths: 0.
num_space_committed: 27.
num_space_uncommitted: 0.
num_chunks_returned_to_freelist: 0.
num_chunks_taken_from_freelist: 107.
num_chunk_merges: 0.
num_chunk_splits: 61.
num_chunks_enlarged: 20.
num_inconsistent_stats: 0.

CodeHeap 'non-profiled nmethods': size=120000Kb used=156Kb max_used=156Kb free=119843Kb
 bounds [0x000001e019990000, 0x000001e019c00000, 0x000001e020ec0000]
CodeHeap 'profiled nmethods': size=120000Kb used=667Kb max_used=667Kb free=119332Kb
 bounds [0x000001e011ec0000, 0x000001e012130000, 0x000001e0193f0000]
CodeHeap 'non-nmethods': size=5760Kb used=1301Kb max_used=1313Kb free=4458Kb
 bounds [0x000001e0193f0000, 0x000001e019660000, 0x000001e019990000]
 total_blobs=910 nmethods=486 adapters=335
 compilation: enabled
              stopped_count=0, restarted_count=0
 full_count=0

Compilation events (20 events):
Event: 14.309 Thread 0x000001e027df3820  477       1       java.lang.invoke.MethodHandleImpl::isCompileConstant (2 bytes)
Event: 14.309 Thread 0x000001e027df3820 nmethod 477 0x000001e0199b6c90 code [0x000001e0199b6e20, 0x000001e0199b6ed8]
Event: 14.310 Thread 0x000001e027df3820  478       1       java.nio.Buffer::position (5 bytes)
Event: 14.310 Thread 0x000001e027df3820 nmethod 478 0x000001e0199b6f90 code [0x000001e0199b7120, 0x000001e0199b71d8]
Event: 16.155 Thread 0x000001e027df3820  479       3       java.lang.String::checkBoundsOffCount (11 bytes)
Event: 16.155 Thread 0x000001e027df3820 nmethod 479 0x000001e011f63c90 code [0x000001e011f63e40, 0x000001e011f64068]
Event: 16.244 Thread 0x000001e027df3820  480       3       java.lang.String::startsWith (138 bytes)
Event: 16.245 Thread 0x000001e027df3820 nmethod 480 0x000001e011f64190 code [0x000001e011f643c0, 0x000001e011f64c78]
Event: 16.245 Thread 0x000001e027df3820  481       3       java.util.zip.ZipFile$Source::zipCoderForPos (39 bytes)
Event: 16.245 Thread 0x000001e027df3820 nmethod 481 0x000001e011f64f90 code [0x000001e011f65160, 0x000001e011f65548]
Event: 16.245 Thread 0x000001e027df3820  482       3       java.util.zip.ZipUtils::CENNAM (9 bytes)
Event: 16.245 Thread 0x000001e027df3820 nmethod 482 0x000001e011f65710 code [0x000001e011f658c0, 0x000001e011f65a78]
Event: 16.320 Thread 0x000001e027df3820  483       3       java.lang.StringUTF16::putChar (54 bytes)
Event: 16.320 Thread 0x000001e027df3820 nmethod 483 0x000001e011f65b90 code [0x000001e011f65d40, 0x000001e011f65e98]
Event: 16.320 Thread 0x000001e027df3820  484       3       java.lang.StringUTF16::length (5 bytes)
Event: 16.320 Thread 0x000001e027df3820 nmethod 484 0x000001e011f65f90 code [0x000001e011f66120, 0x000001e011f66218]
Event: 16.320 Thread 0x000001e027df3820  485       3       java.lang.StringUTF16::charAt (11 bytes)
Event: 16.320 Thread 0x000001e027df3820 nmethod 485 0x000001e011f66310 code [0x000001e011f664c0, 0x000001e011f66718]
Event: 16.320 Thread 0x000001e027df3820  486       3       java.lang.StringUTF16::checkIndex (9 bytes)
Event: 16.320 Thread 0x000001e027df3820 nmethod 486 0x000001e011f66890 code [0x000001e011f66a40, 0x000001e011f66c38]

GC Heap History (0 events):
No events

Dll operation events (8 events):
Event: 0.022 Loaded shared library C:\Users\A315-57G\.jdks\corretto-19.0.2\bin\java.dll
Event: 0.024 Loaded shared library C:\Users\A315-57G\.jdks\corretto-19.0.2\bin\zip.dll
Event: 0.035 Loaded shared library C:\Users\A315-57G\.jdks\corretto-19.0.2\bin\jsvml.dll
Event: 0.191 Loaded shared library C:\Users\A315-57G\.jdks\corretto-19.0.2\bin\instrument.dll
Event: 0.280 Loaded shared library C:\Users\A315-57G\.jdks\corretto-19.0.2\bin\jimage.dll
Event: 0.381 Loaded shared library C:\Users\A315-57G\.jdks\corretto-19.0.2\bin\net.dll
Event: 0.383 Loaded shared library C:\Users\A315-57G\.jdks\corretto-19.0.2\bin\nio.dll
Event: 16.247 Loaded shared library C:\Users\A315-57G\.jdks\corretto-19.0.2\bin\zip.dll

Deoptimization events (6 events):
Event: 14.301 Thread 0x000001e009cff570 Uncommon trap: trap_request=0xffffff45 fr.pc=0x000001e0199a8558 relative=0x0000000000000658
Event: 14.301 Thread 0x000001e009cff570 Uncommon trap: reason=unstable_if action=reinterpret pc=0x000001e0199a8558 method=java.util.regex.Matcher.search(I)Z @ 30 c2
Event: 14.301 Thread 0x000001e009cff570 DEOPT PACKING pc=0x000001e0199a8558 sp=0x00000031808fee50
Event: 14.301 Thread 0x000001e009cff570 DEOPT UNPACKING pc=0x000001e01945a5a3 sp=0x00000031808fee60 mode 2
Event: 14.307 Thread 0x000001e009cff570 DEOPT PACKING pc=0x000001e011f58bb9 sp=0x00000031808fee10
Event: 14.307 Thread 0x000001e009cff570 DEOPT UNPACKING pc=0x000001e01945b0e3 sp=0x00000031808fe2c0 mode 1

Classes loaded (20 events):
Event: 0.427 Loading class model/Transaction$TransactionType
Event: 0.427 Loading class model/Transaction$TransactionType done
Event: 0.434 Loading class java/io/ObjectStreamClass$ExceptionInfo
Event: 0.434 Loading class java/io/ObjectStreamClass$ExceptionInfo done
Event: 0.453 Loading class java/lang/invoke/BoundMethodHandle$Species_LLJ
Event: 0.453 Loading class java/lang/invoke/BoundMethodHandle$Species_LLJ done
Event: 0.455 Loading class java/lang/invoke/BoundMethodHandle$Species_LLLL
Event: 0.455 Loading class java/lang/invoke/BoundMethodHandle$Species_LLLL done
Event: 0.456 Loading class java/lang/invoke/BoundMethodHandle$Species_LLLLL
Event: 0.456 Loading class java/lang/invoke/BoundMethodHandle$Species_LLLLL done
Event: 14.301 Loading class java/util/regex/Pattern$1
Event: 14.301 Loading class java/util/regex/Pattern$1 done
Event: 16.155 Loading class java/util/regex/Matcher$ImmutableMatchResult
Event: 16.156 Loading class java/util/regex/Matcher$ImmutableMatchResult done
Event: 16.244 Loading class com/intellij/rt/debugger/BatchEvaluatorServer
Event: 16.244 Loading class com/intellij/rt/debugger/BatchEvaluatorServer done
Event: 16.319 Loading class java/io/DataOutputStream
Event: 16.320 Loading class java/io/DataOutputStream done
Event: 19.135 Loading class java/io/BufferedReader
Event: 19.135 Loading class java/io/BufferedReader done

Classes unloaded (0 events):
No events

Classes redefined (0 events):
No events

Internal exceptions (7 events):
Event: 0.193 Thread 0x000001e009cff570 Exception <a 'java/lang/NoSuchMethodError'{0x000000008b2ead10}: 'void java.lang.invoke.DirectMethodHandle$Holder.invokeStatic(java.lang.Object, java.lang.Object, java.lang.Object)'> (0x000000008b2ead10) 
thrown [s\src\hotspot\share\interpreter\linkResolver.cpp, line 774]
Event: 0.208 Thread 0x000001e009cff570 Exception <a 'java/lang/NoSuchMethodError'{0x000000008b103d70}: 'java.lang.Object java.lang.invoke.Invokers$Holder.invokeExact_MT(java.lang.Object, java.lang.Object, java.lang.Object, java.lang.Object, java.lang.Object)'> (0x000000008b103d70) 
thrown [s\src\hotspot\share\interpreter\linkResolver.cpp, line 774]
Event: 0.393 Thread 0x000001e009cff570 Exception <a 'java/lang/NoSuchMethodError'{0x000000008afd9eb8}: 'java.lang.Object java.lang.invoke.DirectMethodHandle$Holder.invokeStaticInit(java.lang.Object)'> (0x000000008afd9eb8) 
thrown [s\src\hotspot\share\interpreter\linkResolver.cpp, line 774]
Event: 0.409 Thread 0x000001e009cff570 Exception <a 'java/lang/NoSuchMethodError'{0x000000008ae21908}: 'long java.lang.invoke.DirectMethodHandle$Holder.invokeSpecial(java.lang.Object, java.lang.Object)'> (0x000000008ae21908) 
thrown [s\src\hotspot\share\interpreter\linkResolver.cpp, line 774]
Event: 0.409 Thread 0x000001e009cff570 Exception <a 'java/lang/NoSuchMethodError'{0x000000008ae250c8}: 'long java.lang.invoke.Invokers$Holder.invokeExact_MT(java.lang.Object, java.lang.Object)'> (0x000000008ae250c8) 
thrown [s\src\hotspot\share\interpreter\linkResolver.cpp, line 774]
Event: 0.422 Thread 0x000001e009cff570 Exception <a 'java/lang/NoSuchMethodError'{0x000000008ae5fb28}: 'void java.lang.invoke.DirectMethodHandle$Holder.invokeSpecial(java.lang.Object, java.lang.Object, java.lang.Object)'> (0x000000008ae5fb28) 
thrown [s\src\hotspot\share\interpreter\linkResolver.cpp, line 774]
Event: 137.967 Thread 0x000001e009cff570 Exception <a 'java/lang/NullPointerException'{0x000000008ad8b6f0}> (0x000000008ad8b6f0) 
thrown [s\src\hotspot\share\interpreter\linkResolver.cpp, line 1374]

VM Operations (20 events):
Event: 38.840 Executing VM operation: get/set locals done
Event: 38.840 Executing VM operation: get/set locals
Event: 38.840 Executing VM operation: get/set locals done
Event: 38.840 Executing VM operation: get/set locals
Event: 38.840 Executing VM operation: get/set locals done
Event: 38.840 Executing VM operation: get/set locals
Event: 38.840 Executing VM operation: get/set locals done
Event: 38.840 Executing VM operation: get/set locals
Event: 38.840 Executing VM operation: get/set locals done
Event: 38.841 Executing VM operation: get/set locals
Event: 38.841 Executing VM operation: get/set locals done
Event: 38.841 Executing VM operation: get/set locals
Event: 38.841 Executing VM operation: get/set locals done
Event: 38.843 Executing VM operation: get/set locals
Event: 38.843 Executing VM operation: get/set locals done
Event: 137.966 Executing VM operation: ChangeBreakpoints
Event: 137.966 Executing VM operation: ChangeBreakpoints done
Event: 137.967 Executing VM operation: ChangeBreakpoints
Event: 137.967 Executing VM operation: ChangeBreakpoints done
Event: 137.967 Executing VM operation: ChangeBreakpoints

Events (16 events):
Event: 0.035 Thread 0x000001e009cff570 Thread added: 0x000001e009cff570
Event: 0.054 Thread 0x000001e027ddca40 Thread added: 0x000001e027ddca40
Event: 0.055 Thread 0x000001e027ddd950 Thread added: 0x000001e027ddd950
Event: 0.055 Thread 0x000001e027de3090 Thread added: 0x000001e027de3090
Event: 0.055 Thread 0x000001e027de7ec0 Thread added: 0x000001e027de7ec0
Event: 0.055 Thread 0x000001e027dea8f0 Thread added: 0x000001e027dea8f0
Event: 0.056 Thread 0x000001e027dee570 Thread added: 0x000001e027dee570
Event: 0.056 Thread 0x000001e027decb00 Thread added: 0x000001e027decb00
Event: 0.056 Thread 0x000001e027df3820 Thread added: 0x000001e027df3820
Event: 0.057 Thread 0x000001e02c008070 Thread added: 0x000001e02c008070
Event: 0.103 Thread 0x000001e027daf390 Thread added: 0x000001e027daf390
Event: 0.162 Thread 0x000001e02c16cca0 Thread added: 0x000001e02c16cca0
Event: 0.163 Thread 0x000001e02c16d400 Thread added: 0x000001e02c16d400
Event: 0.164 Thread 0x000001e02c1c1d20 Thread added: 0x000001e02c1c1d20
Event: 0.220 Thread 0x000001e02c228740 Thread added: 0x000001e02c228740
Event: 137.966 Thread 0x000001e02c1c1d20 Thread exited: 0x000001e02c1c1d20


Dynamic libraries:
0x00007ff6dc4b0000 - 0x00007ff6dc4bd000 	C:\Users\A315-57G\.jdks\corretto-19.0.2\bin\java.exe
0x00007ffb16050000 - 0x00007ffb16264000 	C:\WINDOWS\SYSTEM32\ntdll.dll
0x00007ffb143b0000 - 0x00007ffb14472000 	C:\WINDOWS\System32\KERNEL32.DLL
0x00007ffb136c0000 - 0x00007ffb13a63000 	C:\WINDOWS\System32\KERNELBASE.dll
0x0000000076d00000 - 0x0000000077031000 	C:\Program Files\Norton Security\NortonData\22.20.5.40\Definitions\IPSDefs\20230616.061\IPSEng64.dll
0x00007ffb146e0000 - 0x00007ffb1478e000 	C:\WINDOWS\System32\ADVAPI32.dll
0x00007ffb14020000 - 0x00007ffb140c7000 	C:\WINDOWS\System32\msvcrt.dll
0x00007ffb144a0000 - 0x00007ffb14544000 	C:\WINDOWS\System32\sechost.dll
0x00007ffb145c0000 - 0x00007ffb146d7000 	C:\WINDOWS\System32\RPCRT4.dll
0x00007ffb153f0000 - 0x00007ffb153f8000 	C:\WINDOWS\System32\PSAPI.DLL
0x00007ffb134d0000 - 0x00007ffb135e1000 	C:\WINDOWS\System32\ucrtbase.dll
0x00007ffaf59f0000 - 0x00007ffaf5a07000 	C:\Users\A315-57G\.jdks\corretto-19.0.2\bin\jli.dll
0x00007ffb0bf10000 - 0x00007ffb0bf25000 	C:\Users\A315-57G\.jdks\corretto-19.0.2\bin\VCRUNTIME140.dll
0x00007ffb15240000 - 0x00007ffb153eb000 	C:\WINDOWS\System32\USER32.dll
0x00007ffb13690000 - 0x00007ffb136b6000 	C:\WINDOWS\System32\win32u.dll
0x00007ffb13ff0000 - 0x00007ffb14019000 	C:\WINDOWS\System32\GDI32.dll
0x00007ffafd630000 - 0x00007ffafd8be000 	C:\WINDOWS\WinSxS\amd64_microsoft.windows.common-controls_6595b64144ccf1df_6.0.22621.1635_none_270f70857386168e\COMCTL32.dll
0x00007ffb13c50000 - 0x00007ffb13d69000 	C:\WINDOWS\System32\gdi32full.dll
0x00007ffb135f0000 - 0x00007ffb1368a000 	C:\WINDOWS\System32\msvcp_win.dll
0x00007ffb14250000 - 0x00007ffb14281000 	C:\WINDOWS\System32\IMM32.DLL
0x00007ffaf28a0000 - 0x00007ffaf293b000 	C:\Users\A315-57G\.jdks\corretto-19.0.2\bin\msvcp140.dll
0x00007ffacc580000 - 0x00007ffacd259000 	C:\Users\A315-57G\.jdks\corretto-19.0.2\bin\server\jvm.dll
0x00007ffb0b7e0000 - 0x00007ffb0b814000 	C:\WINDOWS\SYSTEM32\WINMM.dll
0x00007ffb0c0c0000 - 0x00007ffb0c0c9000 	C:\WINDOWS\SYSTEM32\WSOCK32.dll
0x00007ffb0ab50000 - 0x00007ffb0ab5a000 	C:\WINDOWS\SYSTEM32\VERSION.dll
0x00007ffb141b0000 - 0x00007ffb14221000 	C:\WINDOWS\System32\WS2_32.dll
0x00007ffb12590000 - 0x00007ffb125a8000 	C:\WINDOWS\SYSTEM32\kernel.appcore.dll
0x00007ffb0c5a0000 - 0x00007ffb0c5aa000 	C:\Users\A315-57G\.jdks\corretto-19.0.2\bin\jimage.dll
0x00007ffb09f10000 - 0x00007ffb0a13e000 	C:\WINDOWS\SYSTEM32\DBGHELP.DLL
0x00007ffb15480000 - 0x00007ffb15809000 	C:\WINDOWS\System32\combase.dll
0x00007ffb140d0000 - 0x00007ffb141a7000 	C:\WINDOWS\System32\OLEAUT32.dll
0x00007ffaf2f20000 - 0x00007ffaf2f52000 	C:\WINDOWS\SYSTEM32\dbgcore.DLL
0x00007ffb13450000 - 0x00007ffb134cb000 	C:\WINDOWS\System32\bcryptPrimitives.dll
0x00007ffaf59b0000 - 0x00007ffaf59eb000 	C:\Users\A315-57G\.jdks\corretto-19.0.2\bin\jdwp.dll
0x00007ffb0b900000 - 0x00007ffb0b90e000 	C:\Users\A315-57G\.jdks\corretto-19.0.2\bin\instrument.dll
0x00007ffaf5980000 - 0x00007ffaf59a6000 	C:\Users\A315-57G\.jdks\corretto-19.0.2\bin\java.dll
0x00007ffaf29e0000 - 0x00007ffaf29f8000 	C:\Users\A315-57G\.jdks\corretto-19.0.2\bin\zip.dll
0x00007ffae3160000 - 0x00007ffae3236000 	C:\Users\A315-57G\.jdks\corretto-19.0.2\bin\jsvml.dll
0x00007ffb15810000 - 0x00007ffb1600a000 	C:\WINDOWS\System32\SHELL32.dll
0x00007ffb11460000 - 0x00007ffb11d2e000 	C:\WINDOWS\SYSTEM32\windows.storage.dll
0x00007ffb11320000 - 0x00007ffb1145e000 	C:\WINDOWS\SYSTEM32\wintypes.dll
0x00007ffb142b0000 - 0x00007ffb143a1000 	C:\WINDOWS\System32\SHCORE.dll
0x00007ffb151e0000 - 0x00007ffb1523e000 	C:\WINDOWS\System32\shlwapi.dll
0x00007ffb13380000 - 0x00007ffb133a1000 	C:\WINDOWS\SYSTEM32\profapi.dll
0x00007ffaf9950000 - 0x00007ffaf995c000 	C:\Users\A315-57G\.jdks\corretto-19.0.2\bin\dt_socket.dll
0x00007ffb12000000 - 0x00007ffb1202d000 	C:\WINDOWS\SYSTEM32\IPHLPAPI.DLL
0x00007ffb12a00000 - 0x00007ffb12a69000 	C:\WINDOWS\system32\mswsock.dll
0x00007ffaf29c0000 - 0x00007ffaf29d3000 	C:\Users\A315-57G\.jdks\corretto-19.0.2\bin\net.dll
0x00007ffb0a8d0000 - 0x00007ffb0aa07000 	C:\WINDOWS\SYSTEM32\WINHTTP.dll
0x00007ffaf29a0000 - 0x00007ffaf29b5000 	C:\Users\A315-57G\.jdks\corretto-19.0.2\bin\nio.dll

dbghelp: loaded successfully - version: 4.0.5 - missing functions: none
symbol engine: initialized successfully - sym options: 0x614 - pdb path: .;C:\Users\A315-57G\.jdks\corretto-19.0.2\bin;C:\WINDOWS\SYSTEM32;C:\Program Files\Norton Security\NortonData\22.20.5.40\Definitions\IPSDefs\20230616.061;C:\WINDOWS\WinSxS\amd64_microsoft.windows.common-controls_6595b64144ccf1df_6.0.22621.1635_none_270f70857386168e;C:\Users\A315-57G\.jdks\corretto-19.0.2\bin\server

VM Arguments:
jvm_args: -agentlib:jdwp=transport=dt_socket,address=127.0.0.1:50050,suspend=y,server=n -javaagent:C:\Users\A315-57G\AppData\Local\JetBrains\IdeaIC2023.1\captureAgent\debugger-agent.jar -Dfile.encoding=UTF-8 -Dsun.stdout.encoding=UTF-8 -Dsun.stderr.encoding=UTF-8 
java_command: ASM04
java_class_path (initial): C:\Users\A315-57G\Downloads\ASM04 - Copy-20230607T120035Z-001\ASM04 - Copy\out\production\ASM04;C:\Program Files\JetBrains\IntelliJ IDEA Community Edition 2022.3.2\lib\idea_rt.jar
Launcher Type: SUN_STANDARD

[Global flags]
     intx CICompilerCount                          = 3                                         {product} {ergonomic}
     uint ConcGCThreads                            = 1                                         {product} {ergonomic}
     uint G1ConcRefinementThreads                  = 4                                         {product} {ergonomic}
   size_t G1HeapRegionSize                         = 1048576                                   {product} {ergonomic}
    uintx GCDrainStackTargetSize                   = 64                                        {product} {ergonomic}
   size_t InitialHeapSize                          = 132120576                                 {product} {ergonomic}
   size_t MarkStackSize                            = 4194304                                   {product} {ergonomic}
   size_t MaxHeapSize                              = 2090860544                                {product} {ergonomic}
   size_t MaxNewSize                               = 1254096896                                {product} {ergonomic}
   size_t MinHeapDeltaBytes                        = 1048576                                   {product} {ergonomic}
   size_t MinHeapSize                              = 8388608                                   {product} {ergonomic}
    uintx NonNMethodCodeHeapSize                   = 5832780                                {pd product} {ergonomic}
    uintx NonProfiledCodeHeapSize                  = 122912730                              {pd product} {ergonomic}
    uintx ProfiledCodeHeapSize                     = 122912730                              {pd product} {ergonomic}
    uintx ReservedCodeCacheSize                    = 251658240                              {pd product} {ergonomic}
     bool SegmentedCodeCache                       = true                                      {product} {ergonomic}
   size_t SoftMaxHeapSize                          = 2090860544                             {manageable} {ergonomic}
     bool UseCompressedClassPointers               = true                           {product lp64_product} {ergonomic}
     bool UseCompressedOops                        = true                           {product lp64_product} {ergonomic}
     bool UseG1GC                                  = true                                      {product} {ergonomic}
     bool UseLargePagesIndividualAllocation        = false                                  {pd product} {ergonomic}

Logging:
Log output configuration:
 #0: stdout all=warning uptime,level,tags foldmultilines=false
 #1: stderr all=off uptime,level,tags foldmultilines=false

Environment Variables:
JAVA_HOME=C:\Program Files\Amazon Corretto\jdk17.0.6_10
PATH=C:\Program Files\Amazon Corretto\jdk17.0.6_10\bin;C:\Windows\system32;C:\Windows;C:\Windows\System32\Wbem;C:\Windows\System32\WindowsPowerShell\v1.0\;C:\Windows\System32\OpenSSH\;C:\Program Files (x86)\NVIDIA Corporation\PhysX\Common;C:\Program Files\NVIDIA Corporation\NVIDIA NvDLISR;C:\WINDOWS\system32;C:\WINDOWS;C:\WINDOWS\System32\Wbem;C:\WINDOWS\System32\WindowsPowerShell\v1.0\;C:\WINDOWS\System32\OpenSSH\;C:\Program Files\Git\cmd;C:\Users\A315-57G\AppData\Local\Microsoft\WindowsApps;;C:\Users\A315-57G\AppData\Local\Programs\Microsoft VS Code\bin
USERNAME=A315-57G
OS=Windows_NT
PROCESSOR_IDENTIFIER=Intel64 Family 6 Model 126 Stepping 5, GenuineIntel
TMP=C:\Users\A315-57G\AppData\Local\Temp
TEMP=C:\Users\A315-57G\AppData\Local\Temp



---------------  S Y S T E M  ---------------

OS:
 Windows 11 , 64 bit Build 22621 (10.0.22621.1778)
OS uptime: 0 days 0:16 hours

CPU: total 4 (initial active 4) (2 cores per cpu, 2 threads per core) family 6 model 126 stepping 5 microcode 0xa0, cx8, cmov, fxsr, ht, mmx, 3dnowpref, sse, sse2, sse3, ssse3, sse4.1, sse4.2, popcnt, lzcnt, tsc, tscinvbit, avx, avx2, aes, erms, clmul, bmi1, bmi2, adx, avx512f, avx512dq, avx512cd, avx512bw, avx512vl, sha, fma, vzeroupper, avx512_vpopcntdq, avx512_vpclmulqdq, avx512_vaes, avx512_vnni, clflush, clflushopt, avx512_vbmi2, avx512_vbmi, rdtscp, rdpid, fsrm, gfni, avx512_bitalg

Memory: 4k page, system-wide physical 7969M (1059M free)
TotalPageFile size 13345M (AvailPageFile size 4425M)
current process WorkingSet (physical memory assigned to process): 43M, peak: 43M
current process commit charge ("private bytes"): 203M, peak: 204M

vm_info: OpenJDK 64-Bit Server VM (19.0.2+7-FR) for windows-amd64 JRE (19.0.2+7-FR), built on Jan 13 2023 22:53:32 by "Administrator" with MS VC++ 15.9 (VS2017)

END.
